# JRE version: OpenJDK Runtime Environment Homebrew (11.0.12) (build 11.0.12+0)
# Java VM: OpenJDK 64-Bit Server VM Homebrew (11.0.12+0, mixed mode, tiered, compressed oops, g1 gc, bsd-aarch64)
Heap:
 garbage-first heap   total 262144K, used 149065K [0x00000007d0800000, 0x00000007f0800000)
  region size 1024K, 44 young (45056K), 5 survivors (5120K)
 Metaspace       used 78327K, capacity 80862K, committed 81408K, reserved 325632K
  class space    used 10403K, capacity 11352K, committed 11568K, reserved 253952K
GC Heap History (20 events):
Event: 8.370 GC heap before
{Heap before GC invocations=38 (full 0):
 garbage-first heap   total 262144K, used 130993K [0x00000007d0800000, 0x00000007f0800000)
  region size 1024K, 12 young (12288K), 1 survivors (1024K)
 Metaspace       used 78268K, capacity 80794K, committed 81408K, reserved 325632K
  class space    used 10401K, capacity 11351K, committed 11568K, reserved 253952K
}
Event: 8.375 GC heap after
{Heap after GC invocations=39 (full 0):
 garbage-first heap   total 262144K, used 105283K [0x00000007d0800000, 0x00000007f0800000)
  region size 1024K, 1 young (1024K), 1 survivors (1024K)
 Metaspace       used 78268K, capacity 80794K, committed 81408K, reserved 325632K
  class space    used 10401K, capacity 11351K, committed 11568K, reserved 253952K
}
Event: 8.526 GC heap before
{Heap before GC invocations=39 (full 0):
 garbage-first heap   total 262144K, used 215875K [0x00000007d0800000, 0x00000007f0800000)
  region size 1024K, 109 young (111616K), 1 survivors (1024K)
 Metaspace       used 78276K, capacity 80794K, committed 81408K, reserved 325632K
  class space    used 10401K, capacity 11351K, committed 11568K, reserved 253952K
}
Event: 8.528 GC heap after
{Heap after GC invocations=40 (full 0):
 garbage-first heap   total 262144K, used 105265K [0x00000007d0800000, 0x00000007f0800000)
  region size 1024K, 1 young (1024K), 1 survivors (1024K)
 Metaspace       used 78276K, capacity 80794K, committed 81408K, reserved 325632K
  class space    used 10401K, capacity 11351K, committed 11568K, reserved 253952K
}
Event: 8.680 GC heap before
{Heap before GC invocations=40 (full 0):
 garbage-first heap   total 262144K, used 218929K [0x00000007d0800000, 0x00000007f0800000)
  region size 1024K, 112 young (114688K), 1 survivors (1024K)
 Metaspace       used 78276K, capacity 80794K, committed 81408K, reserved 325632K
  class space    used 10401K, capacity 11351K, committed 11568K, reserved 253952K
}
Event: 8.681 GC heap after
{Heap after GC invocations=41 (full 0):
 garbage-first heap   total 262144K, used 105368K [0x00000007d0800000, 0x00000007f0800000)
  region size 1024K, 1 young (1024K), 1 survivors (1024K)
 Metaspace       used 78276K, capacity 80794K, committed 81408K, reserved 325632K
  class space    used 10401K, capacity 11351K, committed 11568K, reserved 253952K
}
Event: 8.818 GC heap before
{Heap before GC invocations=41 (full 0):
 garbage-first heap   total 262144K, used 221080K [0x00000007d0800000, 0x00000007f0800000)
  region size 1024K, 114 young (116736K), 1 survivors (1024K)
 Metaspace       used 78276K, capacity 80794K, committed 81408K, reserved 325632K
  class space    used 10401K, capacity 11351K, committed 11568K, reserved 253952K
}
Event: 8.818 GC heap after
{Heap after GC invocations=42 (full 0):
 garbage-first heap   total 262144K, used 105347K [0x00000007d0800000, 0x00000007f0800000)
  region size 1024K, 1 young (1024K), 1 survivors (1024K)
 Metaspace       used 78276K, capacity 80794K, committed 81408K, reserved 325632K
  class space    used 10401K, capacity 11351K, committed 11568K, reserved 253952K
}
Event: 8.954 GC heap before
{Heap before GC invocations=42 (full 0):
 garbage-first heap   total 262144K, used 223107K [0x00000007d0800000, 0x00000007f0800000)
  region size 1024K, 116 young (118784K), 1 survivors (1024K)
 Metaspace       used 78277K, capacity 80794K, committed 81408K, reserved 325632K
  class space    used 10401K, capacity 11351K, committed 11568K, reserved 253952K
}
Event: 8.954 GC heap after
{Heap after GC invocations=43 (full 0):
 garbage-first heap   total 262144K, used 105454K [0x00000007d0800000, 0x00000007f0800000)
  region size 1024K, 1 young (1024K), 1 survivors (1024K)
 Metaspace       used 78277K, capacity 80794K, committed 81408K, reserved 325632K
  class space    used 10401K, capacity 11351K, committed 11568K, reserved 253952K
}
Event: 9.087 GC heap before
{Heap before GC invocations=43 (full 0):
 garbage-first heap   total 262144K, used 224238K [0x00000007d0800000, 0x00000007f0800000)
  region size 1024K, 117 young (119808K), 1 survivors (1024K)
 Metaspace       used 78277K, capacity 80794K, committed 81408K, reserved 325632K
  class space    used 10401K, capacity 11351K, committed 11568K, reserved 253952K
}
Event: 9.087 GC heap after
{Heap after GC invocations=44 (full 0):
 garbage-first heap   total 262144K, used 105707K [0x00000007d0800000, 0x00000007f0800000)
  region size 1024K, 1 young (1024K), 1 survivors (1024K)
 Metaspace       used 78277K, capacity 80794K, committed 81408K, reserved 325632K
  class space    used 10401K, capacity 11351K, committed 11568K, reserved 253952K
}
Event: 9.219 GC heap before
{Heap before GC invocations=44 (full 0):
 garbage-first heap   total 262144K, used 226539K [0x00000007d0800000, 0x00000007f0800000)
  region size 1024K, 119 young (121856K), 1 survivors (1024K)
 Metaspace       used 78277K, capacity 80794K, committed 81408K, reserved 325632K
  class space    used 10401K, capacity 11351K, committed 11568K, reserved 253952K
}
Event: 9.219 GC heap after
{Heap after GC invocations=45 (full 0):
 garbage-first heap   total 262144K, used 105159K [0x00000007d0800000, 0x00000007f0800000)
  region size 1024K, 1 young (1024K), 1 survivors (1024K)
 Metaspace       used 78277K, capacity 80794K, committed 81408K, reserved 325632K
  class space    used 10401K, capacity 11351K, committed 11568K, reserved 253952K
}
Event: 9.358 GC heap before
{Heap before GC invocations=45 (full 0):
 garbage-first heap   total 262144K, used 227015K [0x00000007d0800000, 0x00000007f0800000)
  region size 1024K, 120 young (122880K), 1 survivors (1024K)
 Metaspace       used 78280K, capacity 80794K, committed 81408K, reserved 325632K
  class space    used 10401K, capacity 11351K, committed 11568K, reserved 253952K
}
Event: 9.358 GC heap after
{Heap after GC invocations=46 (full 0):
 garbage-first heap   total 262144K, used 105550K [0x00000007d0800000, 0x00000007f0800000)
  region size 1024K, 1 young (1024K), 1 survivors (1024K)
 Metaspace       used 78280K, capacity 80794K, committed 81408K, reserved 325632K
  class space    used 10401K, capacity 11351K, committed 11568K, reserved 253952K
}
Event: 9.541 GC heap before
{Heap before GC invocations=46 (full 0):
 garbage-first heap   total 262144K, used 228430K [0x00000007d0800000, 0x00000007f0800000)
  region size 1024K, 121 young (123904K), 1 survivors (1024K)
 Metaspace       used 78282K, capacity 80794K, committed 81408K, reserved 325632K
  class space    used 10401K, capacity 11351K, committed 11568K, reserved 253952K
}
Event: 9.542 GC heap after
{Heap after GC invocations=47 (full 0):
 garbage-first heap   total 262144K, used 105460K [0x00000007d0800000, 0x00000007f0800000)
  region size 1024K, 1 young (1024K), 1 survivors (1024K)
 Metaspace       used 78282K, capacity 80794K, committed 81408K, reserved 325632K
  class space    used 10401K, capacity 11351K, committed 11568K, reserved 253952K
}
Event: 9.741 GC heap before
{Heap before GC invocations=47 (full 0):
 garbage-first heap   total 262144K, used 229364K [0x00000007d0800000, 0x00000007f0800000)
  region size 1024K, 122 young (124928K), 1 survivors (1024K)
 Metaspace       used 78316K, capacity 80862K, committed 81408K, reserved 325632K
  class space    used 10403K, capacity 11352K, committed 11568K, reserved 253952K
}
Event: 9.744 GC heap after
{Heap after GC invocations=48 (full 0):
 garbage-first heap   total 262144K, used 110153K [0x00000007d0800000, 0x00000007f0800000)
  region size 1024K, 5 young (5120K), 5 survivors (5120K)
 Metaspace       used 78316K, capacity 80862K, committed 81408K, reserved 325632K
  class space    used 10403K, capacity 11352K, committed 11568K, reserved 253952K
}

